0 silly argv {
0 silly argv   _: [ 'publish' ],
0 silly argv   composed: 'publish',
0 silly argv   lernaVersion: '6.6.2',
0 silly argv   '$0': 'node_modules/lerna/dist/cli.js'
0 silly argv }
1 notice cli v6.6.2
2 verbose rootPath /Users/mac/Documents/code/bootstet/encode
3 verbose packageConfigs Package manager 'pnpm' detected. Resolving packages using 'pnpm-workspace.yaml'.
4 error JSONError: Unexpected token "}" (0x7D) in JSON at position 581 while parsing near "...a940602a09dc36b48\",\n}\n" in packages/commitlint-config/package.json
4 error
4 error [0m [90m 23 |[39m   }[33m,[39m
4 error  [90m 24 |[39m   [32m"gitHead"[39m[33m:[39m [32m"9eac093e0ea4e6decbcefaea940602a09dc36b48"[39m[33m,[39m
4 error [31m[1m>[22m[39m[90m 25 |[39m }
4 error  [90m    |[39m [31m[1m^[22m[39m
4 error  [90m 26 |[39m[0m
4 error
4 error     at parseJson (/Users/mac/Documents/code/bootstet/encode/node_modules/.pnpm/parse-json@5.2.0/node_modules/parse-json/index.js:29:21)
4 error     at parse (/Users/mac/Documents/code/bootstet/encode/node_modules/.pnpm/load-json-file@6.2.0/node_modules/load-json-file/index.js:15:9)
4 error     at module.exports (/Users/mac/Documents/code/bootstet/encode/node_modules/.pnpm/load-json-file@6.2.0/node_modules/load-json-file/index.js:18:47)
